Command line:
   COMBO_EVERYTHING_DIFFCLOCKS_isim_beh.exe
     -simmode  gui
     -simrunnum  0
     -socket  63324

Mon Dec 12 22:04:52 2016


 Elaboration Time: 0.046875 sec

 Current Memory Usage: 848.847 Meg

 Total Signals          : 3665
 Total Nets             : 1952
 Total Signal Drivers   : 1002
 Total Blocks           : 656
 Total Primitive Blocks : 396
 Total Processes        : 1019
 Total Traceable Variables  : 45
 Total Scalar Nets and Variables : 23039
Total Line Count : 166

 Total Simulation Time: 0.046875 sec

 Current Memory Usage: 1163.42 Meg

Mon Dec 12 22:05:29 2016

