Command line:
   TB_Instruction_Memory_isim_beh.exe
     -simmode  gui
     -simrunnum  0
     -socket  62273

Wed Dec 07 00:30:12 2016


 Elaboration Time: 0.03125 sec

 Current Memory Usage: 836.26 Meg

 Total Signals          : 16
 Total Nets             : 78
 Total Signal Drivers   : 8
 Total Blocks           : 3
 Total Primitive Blocks : 2
 Total Processes        : 14
 Total Traceable Variables  : 25
 Total Scalar Nets and Variables : 8511
Total Line Count : 44

 Total Simulation Time: 0.03125 sec

 Current Memory Usage: 836.26 Meg

Wed Dec 07 00:30:25 2016

