Command line:
   TB_32Bit_Divider_isim_beh.exe
     -simmode  gui
     -simrunnum  0
     -socket  56789

Tue Dec 06 00:41:58 2016


 Elaboration Time: 0.015625 sec

 Current Memory Usage: 836.219 Meg

 Total Signals          : 17
 Total Nets             : 205
 Total Signal Drivers   : 8
 Total Blocks           : 3
 Total Primitive Blocks : 2
 Total Processes        : 12
 Total Traceable Variables  : 21
 Total Scalar Nets and Variables : 414
Total Line Count : 45

 Total Simulation Time: 0.03125 sec

 Current Memory Usage: 836.219 Meg

Tue Dec 06 00:42:05 2016

