Command line:
   COMBO_PC_InstructionReg_Controller_isim_beh.exe
     -simmode  gui
     -simrunnum  0
     -socket  61532

Mon Dec 12 13:51:03 2016


 Elaboration Time: 0.03125 sec

 Current Memory Usage: 836.739 Meg

 Total Signals          : 28
 Total Nets             : 121
 Total Signal Drivers   : 18
 Total Blocks           : 5
 Total Primitive Blocks : 4
 Total Processes        : 27
 Total Traceable Variables  : 32
 Total Scalar Nets and Variables : 8532
Total Line Count : 128

 Total Simulation Time: 0.046875 sec

 Current Memory Usage: 679.453 Meg

Mon Dec 12 13:52:35 2016

