Command line:
   TB_Sign_Extender_isim_beh.exe
     -simmode  gui
     -simrunnum  0
     -socket  62590

Mon Dec 12 18:05:51 2016


 Elaboration Time: 0.015625 sec

 Current Memory Usage: 836.309 Meg

 Total Signals          : 16
 Total Nets             : 84
 Total Signal Drivers   : 7
 Total Blocks           : 3
 Total Primitive Blocks : 2
 Total Processes        : 9
 Total Traceable Variables  : 19
 Total Scalar Nets and Variables : 171
Total Line Count : 30

 Total Simulation Time: 0.015625 sec

 Current Memory Usage: 836.309 Meg

Mon Dec 12 18:06:03 2016

