Command line:
   TB_Mux2_isim_beh.exe
     -simmode  gui
     -simrunnum  0
     -socket  63012

Tue Dec 06 21:16:31 2016


 Elaboration Time: 0.03125 sec

 Current Memory Usage: 836.297 Meg

 Total Signals          : 18
 Total Nets             : 206
 Total Signal Drivers   : 9
 Total Blocks           : 3
 Total Primitive Blocks : 2
 Total Processes        : 13
 Total Traceable Variables  : 22
 Total Scalar Nets and Variables : 416
Total Line Count : 44

 Total Simulation Time: 0.390625 sec

 Current Memory Usage: 679.01 Meg

Tue Dec 06 21:17:57 2016

