Running: C:\Xilinx\14.4\ISE_DS\ISE\bin\nt64\unwrapped\fuse.exe -intstyle ise -incremental -lib unisims_ver -lib unimacro_ver -lib xilinxcorelib_ver -o C:/Users/tuf22191/Projects/Github_Repos/Building_Microprocessor_Verilog/MicroP_for_legv8/One_Bit_Full_Adder_Test_isim_beh.exe -prj C:/Users/tuf22191/Projects/Github_Repos/Building_Microprocessor_Verilog/MicroP_for_legv8/One_Bit_Full_Adder_Test_beh.prj work.One_Bit_Full_Adder_Test work.glbl 
ISim P.49d (signature 0x7708f090)
Number of CPUs detected in this system: 4
Turning on mult-threading, number of parallel sub-compilation jobs: 8 
Determining compilation order of HDL files
Analyzing Verilog file "C:/Users/tuf22191/Projects/Github_Repos/Building_Microprocessor_Verilog/MicroP_for_legv8/half_adder.v" into library work
Analyzing Verilog file "C:/Users/tuf22191/Projects/Github_Repos/Building_Microprocessor_Verilog/MicroP_for_legv8/one_bit_full_adder.v" into library work
Analyzing Verilog file "C:/Users/tuf22191/Projects/Github_Repos/Building_Microprocessor_Verilog/MicroP_for_legv8/One_Bit_Full_Adder_Test.v" into library work
Analyzing Verilog file "C:/Xilinx/14.4/ISE_DS/ISE//verilog/src/glbl.v" into library work
Starting static elaboration
Completed static elaboration
Compiling module half_adder
Compiling module one_bit_full_adder
Compiling module One_Bit_Full_Adder_Test
Compiling module glbl
Time Resolution for simulation is 1ps.
Waiting for 1 sub-compilation(s) to finish...
Compiled 4 Verilog Units
Built simulation executable C:/Users/tuf22191/Projects/Github_Repos/Building_Microprocessor_Verilog/MicroP_for_legv8/One_Bit_Full_Adder_Test_isim_beh.exe
Fuse Memory Usage: 27760 KB
Fuse CPU Usage: 468 ms
