Command line:
   TB_ALU_isim_beh.exe
     -simmode  gui
     -simrunnum  0
     -socket  51650

Sat Dec 10 16:56:39 2016


 Elaboration Time: 0.046875 sec

 Current Memory Usage: 848.9 Meg

 Total Signals          : 2417
 Total Nets             : 1106
 Total Signal Drivers   : 658
 Total Blocks           : 432
 Total Primitive Blocks : 259
 Total Processes        : 664
 Total Traceable Variables  : 26
 Total Scalar Nets and Variables : 1385
Total Line Count : 71

 Total Simulation Time: 0.078125 sec

 Current Memory Usage: 848.9 Meg

Sat Dec 10 16:56:48 2016

