Command line:
   TB_32bit_Multiplier_isim_beh.exe
     -simmode  gui
     -simrunnum  0
     -socket  55799

Wed Dec 07 15:00:19 2016


 Elaboration Time: 0.03125 sec

 Current Memory Usage: 836.223 Meg

 Total Signals          : 17
 Total Nets             : 205
 Total Signal Drivers   : 8
 Total Blocks           : 3
 Total Primitive Blocks : 2
 Total Processes        : 12
 Total Traceable Variables  : 25
 Total Scalar Nets and Variables : 542
Total Line Count : 44

 Total Simulation Time: 0.5 sec

 Current Memory Usage: 836.223 Meg

Wed Dec 07 15:00:40 2016

