Command line:
   FSM_Controller_isim_beh.exe
     -simmode  gui
     -simrunnum  1
     -socket  55819

Tue Dec 13 10:13:48 2016


 Elaboration Time: 0.015625 sec

 Current Memory Usage: 836.272 Meg

 Total Signals          : 16
 Total Nets             : 87
 Total Signal Drivers   : 16
 Total Blocks           : 2
 Total Primitive Blocks : 2
 Total Processes        : 21
 Total Traceable Variables  : 40
 Total Scalar Nets and Variables : 442
Total Line Count : 123

 Total Simulation Time: 0.03125 sec

 Current Memory Usage: 836.272 Meg

Tue Dec 13 10:13:54 2016

