Command line:
   TB_64Bi_Subtractor_isim_beh.exe
     -simmode  gui
     -simrunnum  0
     -socket  50381

Mon Dec 05 11:42:16 2016


 Elaboration Time: 0.046875 sec

 Current Memory Usage: 840.503 Meg

 Total Signals          : 1212
 Total Nets             : 527
 Total Signal Drivers   : 330
 Total Blocks           : 216
 Total Primitive Blocks : 129
 Total Processes        : 334
 Total Traceable Variables  : 26
 Total Scalar Nets and Variables : 834
Total Line Count : 52

 Total Simulation Time: 0.046875 sec

 Current Memory Usage: 840.503 Meg

Mon Dec 05 11:42:26 2016

