Command line:
   TB_16BitAdder_isim_beh.exe
     -simmode  gui
     -simrunnum  0
     -socket  57003

Mon Dec 05 02:08:23 2016


 Elaboration Time: 0.015625 sec

 Current Memory Usage: 836.26 Meg

 Total Signals          : 311
 Total Nets             : 126
 Total Signal Drivers   : 88
 Total Blocks           : 55
 Total Primitive Blocks : 33
 Total Processes        : 92
 Total Traceable Variables  : 24
 Total Scalar Nets and Variables : 304
Total Line Count : 38

 Total Simulation Time: 1.20313 sec

 Current Memory Usage: 836.26 Meg

Mon Dec 05 02:08:46 2016

