Command line:
   TB_FSM_CONTROLLER_isim_beh.exe
     -simmode  gui
     -simrunnum  0
     -socket  55806

Tue Dec 13 10:07:53 2016


 Elaboration Time: 0.015625 sec

 Current Memory Usage: 836.268 Meg

 Total Signals          : 37
 Total Nets             : 344
 Total Signal Drivers   : 23
 Total Blocks           : 4
 Total Primitive Blocks : 3
 Total Processes        : 34
 Total Traceable Variables  : 48
 Total Scalar Nets and Variables : 3014
Total Line Count : 153

 Total Simulation Time: 0.0625 sec

 Current Memory Usage: 1150.84 Meg

Tue Dec 13 10:08:31 2016

