Command line:
   TB_Controller_isim_beh.exe
     -simmode  gui
     -simrunnum  0
     -socket  62874

Sat Dec 10 20:06:21 2016


 Elaboration Time: 0.03125 sec

 Current Memory Usage: 836.256 Meg

 Total Signals          : 21
 Total Nets             : 32
 Total Signal Drivers   : 13
 Total Blocks           : 3
 Total Primitive Blocks : 2
 Total Processes        : 16
 Total Traceable Variables  : 27
 Total Scalar Nets and Variables : 163
Total Line Count : 81

 Total Simulation Time: 0.03125 sec

 Current Memory Usage: 836.256 Meg

Sat Dec 10 20:06:28 2016

