Command line:
   TB_Adder2_32bits_isim_beh.exe
     -simmode  gui
     -simrunnum  1
     -socket  49485

Sun Dec 11 14:25:02 2016


 Elaboration Time: 0.03125 sec

 Current Memory Usage: 836.735 Meg

 Total Signals          : 611
 Total Nets             : 238
 Total Signal Drivers   : 168
 Total Blocks           : 109
 Total Primitive Blocks : 65
 Total Processes        : 170
 Total Traceable Variables  : 22
 Total Scalar Nets and Variables : 446
Total Line Count : 25

 Total Simulation Time: 0.03125 sec

 Current Memory Usage: 836.735 Meg

Sun Dec 11 14:25:18 2016

