Command line:
   TB_Adder1_32bits_isim_beh.exe
     -simmode  gui
     -simrunnum  0
     -socket  65194

Sun Dec 11 11:57:15 2016


 Elaboration Time: 0.046875 sec

 Current Memory Usage: 836.755 Meg

 Total Signals          : 613
 Total Nets             : 238
 Total Signal Drivers   : 168
 Total Blocks           : 110
 Total Primitive Blocks : 65
 Total Processes        : 170
 Total Traceable Variables  : 21
 Total Scalar Nets and Variables : 383
Total Line Count : 22

 Total Simulation Time: 0.4375 sec

 Current Memory Usage: 836.755 Meg

Sun Dec 11 11:57:24 2016

